#
# A fatal error has been detected by the Java Runtime Environment:
#
#  SIGSEGV (0xb) at pc=0x0000000108070d7e, pid=11371, tid=20739
#
# JRE version: Java(TM) SE Runtime Environment (8.0_74-b02) (build 1.8.0_74-b02)
# Java VM: Java HotSpot(TM) 64-Bit Server VM (25.74-b02 mixed mode bsd-amd64 compressed oops)
# Problematic frame:
# J 23451 C2 net.contentobjects.jnotify.macosx.JNotifyAdapterMacOSX.batchEndEvent(I)V (815 bytes) @ 0x0000000108070d7e [0x000000010806f560+0x181e]
#
# Failed to write core dump. Core dumps have been disabled. To enable core dumping, try "ulimit -c unlimited" before starting Java again
#
# If you would like to submit a bug report, please visit:
#   http://bugreport.java.com/bugreport/crash.jsp
#

---------------  T H R E A D  ---------------

Current thread (0x00007fc419c53800):  JavaThread "FSEvent thread" daemon [_thread_in_Java, id=20739, stack(0x000000011e990000,0x000000011ea90000)]

siginfo: si_signo: 11 (SIGSEGV), si_code: 1 (SEGV_MAPERR), si_addr: 0x000000041a8aa084

Registers:
RAX=0x00000007aec46ec8, RBX=0x000000011ea891a0, RCX=0x00000000f004f942, RDX=0x0000000000000000
RSP=0x000000011ea891c0, RBP=0x00000007aec46ec8, RSI=0x0000000780004e90, RDI=0x0000000000000000
R8 =0x0000000000000001, R9 =0x000000008351540f, R10=0x00000007aec46da8, R11=0x00000007c000e928
R12=0x0000000000000000, R13=0x00000007815c3628, R14=0x00000000f00c66ee, R15=0x00007fc419c53800
RIP=0x0000000108070d7e, EFLAGS=0x0000000000010286, ERR=0x0000000000000004
  TRAPNO=0x000000000000000e

Top of Stack: (sp=0x000000011ea891c0)
0x000000011ea891c0:   0000000100000080 0000000000000000
0x000000011ea891d0:   00000007c0011320 000020b800000000
0x000000011ea891e0:   00000007aec46dd8 00000007c0a25480
0x000000011ea891f0:   00000007aec46da8 0000000000000000
0x000000011ea89200:   00000007815c3648 00000007c0a26f10
0x000000011ea89210:   00000007aec3a4f0 00000007c0a26738
0x000000011ea89220:   00000007abb66e78 0000000000000000
0x000000011ea89230:   00000007816ef240 00000000000007f8
0x000000011ea89240:   00000007816ef240 000000011ea89248
0x000000011ea89250:   00007fc41a8aa078 0000000100000001
0x000000011ea89260:   0000000780633740 0000000000000011
0x000000011ea89270:   0000000780633740 0000000000000000
0x000000011ea89280:   000000011ea893a0 000000010706b0c4
0x000000011ea89290:   0000000105fa5d5c 0000000000000000
0x000000011ea892a0:   000000011ea893a0 0000000105fa5e3c
0x000000011ea892b0:   0000000780004f70 0000000000000000
0x000000011ea892c0:   000000078067a9a8 000000011ea892c8
0x000000011ea892d0:   000000011e84d96d 000000011ea89330
0x000000011ea892e0:   000000011e84e460 0000000000000000
0x000000011ea892f0:   000000011e84d9b0 0000000780633740
0x000000011ea89300:   000000011ea893a0 00000001054004e7
0x000000011ea89310:   000000011ea893a0 00000001054004e7
0x000000011ea89320:   00000001054004e7 00007fc400000000
0x000000011ea89330:   0000000000000000 00000007806336a8
0x000000011ea89340:   0000000100001fa0 000000000000000a
0x000000011ea89350:   00007fc419c53800 0000000000000003
0x000000011ea89360:   000000010540045f 000000011e84da80
0x000000011ea89370:   000000011ea89438 000000011ea897d8
0x000000011ea89380:   00007fc40000000a 000000011e84da80
0x000000011ea89390:   00000001054633e0 000000011ea89588
0x000000011ea893a0:   000000011ea89550 000000010414039e
0x000000011ea893b0:   0000000000000003 00007fc419c53800 

Instructions: (pc=0x0000000108070d7e)
0x0000000108070d5e:   89 60 0c 4c 89 60 10 4c 89 60 18 48 8b e8 4c 8b
0x0000000108070d6e:   54 24 30 45 8b 4a 10 45 85 c9 0f 84 c8 13 00 00
0x0000000108070d7e:   47 8b 54 cc 0c 45 85 d2 0f 84 21 11 00 00 44 89
0x0000000108070d8e:   4c 24 50 48 89 6c 24 48 4c 89 5c 24 38 48 89 74 

Register to memory mapping:

RAX=0x00000007aec46ec8 is an oop
java.io.File 
 - klass: 'java/io/File'
RBX=0x000000011ea891a0 is pointing into the stack for thread: 0x00007fc419c53800
RCX=0x00000000f004f942 is an unknown value
RDX=0x0000000000000000 is an unknown value
RSP=0x000000011ea891c0 is pointing into the stack for thread: 0x00007fc419c53800
RBP=0x00000007aec46ec8 is an oop
java.io.File 
 - klass: 'java/io/File'
RSI=0x0000000780004e90 is an oop
java.lang.NullPointerException 
 - klass: 'java/lang/NullPointerException'
RDI=0x0000000000000000 is an unknown value
R8 =0x0000000000000001 is an unknown value
R9 =0x000000008351540f is an unknown value
R10=0x00000007aec46da8 is an oop
net.contentobjects.jnotify.macosx.JNotifyAdapterMacOSX$ScanJob 
 - klass: 'net/contentobjects/jnotify/macosx/JNotifyAdapterMacOSX$ScanJob'
R11=0x00000007c000e928 is pointing into metadata
R12=0x0000000000000000 is an unknown value
R13=0x00000007815c3628 is an oop
java.util.Hashtable$Entry 
 - klass: 'java/util/Hashtable$Entry'
R14=0x00000000f00c66ee is an unknown value
R15=0x00007fc419c53800 is a thread


Stack: [0x000000011e990000,0x000000011ea90000],  sp=0x000000011ea891c0,  free space=996k
Native frames: (J=compiled Java code, j=interpreted, Vv=VM code, C=native code)
J 23451 C2 net.contentobjects.jnotify.macosx.JNotifyAdapterMacOSX.batchEndEvent(I)V (815 bytes) @ 0x0000000108070d7e [0x000000010806f560+0x181e]
J 22587 C1 net.contentobjects.jnotify.macosx.JNotify_macosx.callbackInBatch(IZ)V (32 bytes) @ 0x0000000105fa5e3c [0x0000000105fa5980+0x4bc]
v  ~StubRoutines::call_stub
V  [libjvm.dylib+0x2ea39e]
V  [libjvm.dylib+0x3214a7]
V  [libjvm.dylib+0x313c7b]
C  [libjnotify.jnilib+0x1585]  fsevent_callback+0x115
C  [FSEvents+0x3ba1]  implementation_callback_rpc+0x84b
C  [FSEvents+0x1672]  _Xcallback_rpc+0xfe
C  [FSEvents+0x1746]  FSEventsD2F_server+0x36
C  [FSEvents+0x6f75]  FSEventsClientProcessMessageCallback+0x2c
C  [CoreFoundation+0x80d87]  __CFMachPortPerform+0xf7
C  [CoreFoundation+0x80c79]  __CFRUNLOOP_IS_CALLING_OUT_TO_A_SOURCE1_PERFORM_FUNCTION__+0x29
C  [CoreFoundation+0x80beb]  __CFRunLoopDoSource1+0x1db
C  [CoreFoundation+0x72767]  __CFRunLoopRun+0x947
C  [CoreFoundation+0x71bd8]  CFRunLoopRunSpecific+0x128
C  [CoreFoundation+0x129671]  CFRunLoopRun+0x61
j  net.contentobjects.jnotify.macosx.JNotify_macosx.nativeNotifyLoop()V+0
j  net.contentobjects.jnotify.macosx.JNotify_macosx.access$400()V+0
j  net.contentobjects.jnotify.macosx.JNotify_macosx$1.run()V+65
v  ~StubRoutines::call_stub
V  [libjvm.dylib+0x2ea39e]
V  [libjvm.dylib+0x2eab2c]
V  [libjvm.dylib+0x2eacd8]
V  [libjvm.dylib+0x345255]
V  [libjvm.dylib+0x560e03]
V  [libjvm.dylib+0x5624fe]
V  [libjvm.dylib+0x482eda]
C  [libsystem_pthread.dylib+0x405a]  _pthread_body+0x83
C  [libsystem_pthread.dylib+0x3fd7]  _pthread_body+0x0
C  [libsystem_pthread.dylib+0x13ed]  thread_start+0xd
C  0x0000000000000000


---------------  P R O C E S S  ---------------

Java Threads: ( => current thread )
  0x00007fc41b433800 JavaThread "pool-237-thread-4" [_thread_in_Java, id=24835, stack(0x0000000120782000,0x0000000120882000)]
  0x00007fc41be4a800 JavaThread "pool-237-thread-3" [_thread_blocked, id=33587, stack(0x000000011f9a8000,0x000000011faa8000)]
  0x00007fc41b115800 JavaThread "pool-237-thread-2" [_thread_blocked, id=31107, stack(0x000000011c1c2000,0x000000011c2c2000)]
  0x00007fc41994e000 JavaThread "pool-237-thread-1" [_thread_blocked, id=34527, stack(0x000000011df48000,0x000000011e048000)]
  0x00007fc41b68c000 JavaThread "application-akka.actor.default-dispatcher-11" [_thread_blocked, id=24667, stack(0x000000011f196000,0x000000011f296000)]
  0x00007fc419b3d800 JavaThread "application-scheduler-1" [_thread_blocked, id=25691, stack(0x000000012047f000,0x000000012057f000)]
  0x00007fc41b563800 JavaThread "net.sf.ehcache.CacheManager@488a60fd" daemon [_thread_blocked, id=18515, stack(0x000000011e40c000,0x000000011e50c000)]
  0x00007fc41b08a000 JavaThread "Scala Presentation Compiler []" daemon [_thread_blocked, id=24351, stack(0x0000000120921000,0x0000000120a21000)]
  0x00007fc419b57000 JavaThread "Timer-0" daemon [_thread_blocked, id=18975, stack(0x00000001210b3000,0x00000001211b3000)]
  0x00007fc41b70f800 JavaThread "New I/O server boss #5" [_thread_in_native, id=29443, stack(0x000000011f6a5000,0x000000011f7a5000)]
  0x00007fc41b742800 JavaThread "New I/O worker #4" [_thread_blocked, id=28931, stack(0x000000011f5a2000,0x000000011f6a2000)]
  0x00007fc41b73f000 JavaThread "New I/O worker #3" [_thread_in_native, id=28419, stack(0x000000011f49f000,0x000000011f59f000)]
  0x00007fc41b744800 JavaThread "New I/O worker #2" [_thread_in_native, id=27907, stack(0x000000011f39c000,0x000000011f49c000)]
  0x00007fc41a121800 JavaThread "New I/O worker #1" [_thread_in_native, id=27395, stack(0x000000011f299000,0x000000011f399000)]
  0x00007fc41a12c000 JavaThread "application-akka.actor.default-dispatcher-2" [_thread_blocked, id=26371, stack(0x000000011ee93000,0x000000011ef93000)]
  0x00007fc41a11e000 JavaThread "application-scheduler-1" [_thread_blocked, id=13575, stack(0x000000011db8b000,0x000000011dc8b000)]
=>0x00007fc419c53800 JavaThread "FSEvent thread" daemon [_thread_in_Java, id=20739, stack(0x000000011e990000,0x000000011ea90000)]
  0x00007fc41b25f000 JavaThread "pool-4-thread-3" [_thread_in_native, id=20227, stack(0x000000011e5ba000,0x000000011e6ba000)]
  0x00007fc4193c2800 JavaThread "sbt-web-akka.actor.default-dispatcher-4" [_thread_blocked, id=12559, stack(0x000000011c846000,0x000000011c946000)]
  0x00007fc41a4d3800 JavaThread "sbt-web-scheduler-1" [_thread_blocked, id=11539, stack(0x000000011bd66000,0x000000011be66000)]
  0x00007fc418845800 JavaThread "Service Thread" daemon [_thread_blocked, id=16643, stack(0x000000011a19b000,0x000000011a29b000)]
  0x00007fc418833800 JavaThread "C1 CompilerThread1" daemon [_thread_blocked, id=16131, stack(0x000000011a098000,0x000000011a198000)]
  0x00007fc41903f800 JavaThread "C2 CompilerThread0" daemon [_thread_blocked, id=15619, stack(0x0000000119f95000,0x000000011a095000)]
  0x00007fc418832000 JavaThread "Signal Dispatcher" daemon [_thread_blocked, id=12307, stack(0x0000000119e92000,0x0000000119f92000)]
  0x00007fc41880d800 JavaThread "Finalizer" daemon [_thread_blocked, id=11011, stack(0x000000011850f000,0x000000011860f000)]
  0x00007fc419067800 JavaThread "Reference Handler" daemon [_thread_blocked, id=10499, stack(0x000000011840c000,0x000000011850c000)]
  0x00007fc419008000 JavaThread "main" [_thread_blocked, id=5383, stack(0x0000000104de6000,0x0000000104ee6000)]

Other Threads:
  0x00007fc419063000 VMThread [stack: 0x0000000118309000,0x0000000118409000] [id=9987]
  0x00007fc418819000 WatcherThread [stack: 0x000000011a29e000,0x000000011a39e000] [id=17155]

VM state:not at safepoint (normal execution)

VM Mutex/Monitor currently owned by a thread: None

Heap:
 PSYoungGen      total 253952K, used 103692K [0x00000007aab00000, 0x00000007c0000000, 0x00000007c0000000)
  eden space 160768K, 64% used [0x00000007aab00000,0x00000007b10433d8,0x00000007b4800000)
  from space 93184K, 0% used [0x00000007ba500000,0x00000007ba500000,0x00000007c0000000)
  to   space 94208K, 0% used [0x00000007b4800000,0x00000007b4800000,0x00000007ba400000)
 ParOldGen       total 699392K, used 285806K [0x0000000780000000, 0x00000007aab00000, 0x00000007aab00000)
  object space 699392K, 40% used [0x0000000780000000,0x000000079171bbb8,0x00000007aab00000)
 Metaspace       used 118269K, capacity 119423K, committed 123564K, reserved 1150976K
  class space    used 19810K, capacity 20236K, committed 21420K, reserved 1048576K

Card table byte_map: [0x00000001147c0000,0x00000001149c1000] byte_map_base: 0x0000000110bc0000

Marking Bits: (ParMarkBitMap*) 0x0000000104739ea0
 Begin Bits: [0x0000000114d1d000, 0x0000000115d1d000)
 End Bits:   [0x0000000115d1d000, 0x0000000116d1d000)

Polling page: 0x0000000104f42000

CodeCache: size=245760Kb used=45818Kb max_used=47164Kb free=199941Kb
 bounds [0x0000000105400000, 0x0000000108260000, 0x0000000114400000]
 total_blobs=18634 nmethods=18089 adapters=454
 compilation: enabled

Compilation events (10 events):
Event: 20057.781 Thread 0x00007fc41903f800 23538       4       sbt.FileModified::hashCode (33 bytes)
Event: 20057.790 Thread 0x00007fc41903f800 nmethod 23538 0x0000000106a23250 code [0x0000000106a233a0, 0x0000000106a235f8]
Event: 20058.918 Thread 0x00007fc41903f800 23539       4       scala.collection.immutable.HashSet$::scala$collection$immutable$HashSet$$makeHashTrieSet (148 bytes)
Event: 20058.942 Thread 0x00007fc41903f800 nmethod 23539 0x0000000106b52f10 code [0x0000000106b530e0, 0x0000000106b53c08]
Event: 20058.946 Thread 0x00007fc41903f800 23540       4       scala.collection.immutable.HashSet$HashTrieSet::updated0 (234 bytes)
Event: 20059.020 Thread 0x00007fc41903f800 nmethod 23540 0x00000001074c2990 code [0x00000001074c2b40, 0x00000001074c3558]
Event: 20059.540 Thread 0x00007fc41903f800 23541       4       scala.collection.immutable.HashSet$HashSet1::updated0 (142 bytes)
Event: 20059.544 Thread 0x00007fc41903f800 nmethod 23541 0x0000000105adeb90 code [0x0000000105aded00, 0x0000000105adee48]
Event: 20059.950 Thread 0x00007fc418833800 23542       3       scala.collection.immutable.HashSet$HashSet1::updated0 (142 bytes)
Event: 20059.953 Thread 0x00007fc418833800 nmethod 23542 0x0000000106622650 code [0x0000000106622960, 0x00000001066241e8]

GC Heap History (10 events):
Event: 20041.492 GC heap before
{Heap before GC invocations=135 (full 6):
 PSYoungGen      total 252928K, used 167232K [0x00000007aab00000, 0x00000007c0000000, 0x00000007c0000000)
  eden space 152064K, 100% used [0x00000007aab00000,0x00000007b3f80000,0x00000007b3f80000)
  from space 100864K, 15% used [0x00000007b9d80000,0x00000007bac50010,0x00000007c0000000)
  to   space 96256K, 0% used [0x00000007b3f80000,0x00000007b3f80000,0x00000007b9d80000)
 ParOldGen       total 699392K, used 544159K [0x0000000780000000, 0x00000007aab00000, 0x00000007aab00000)
  object space 699392K, 77% used [0x0000000780000000,0x00000007a1367d88,0x00000007aab00000)
 Metaspace       used 118269K, capacity 119423K, committed 123564K, reserved 1150976K
  class space    used 19810K, capacity 20236K, committed 21420K, reserved 1048576K
Event: 20041.683 GC heap after
Heap after GC invocations=135 (full 6):
 PSYoungGen      total 248320K, used 192K [0x00000007aab00000, 0x00000007c0000000, 0x00000007c0000000)
  eden space 152064K, 0% used [0x00000007aab00000,0x00000007aab00000,0x00000007b3f80000)
  from space 96256K, 0% used [0x00000007b3f80000,0x00000007b3fb0000,0x00000007b9d80000)
  to   space 94720K, 0% used [0x00000007ba380000,0x00000007ba380000,0x00000007c0000000)
 ParOldGen       total 699392K, used 559335K [0x0000000780000000, 0x00000007aab00000, 0x00000007aab00000)
  object space 699392K, 79% used [0x0000000780000000,0x00000007a2239d98,0x00000007aab00000)
 Metaspace       used 118269K, capacity 119423K, committed 123564K, reserved 1150976K
  class space    used 19810K, capacity 20236K, committed 21420K, reserved 1048576K
}
Event: 20046.044 GC heap before
{Heap before GC invocations=136 (full 6):
 PSYoungGen      total 248320K, used 152256K [0x00000007aab00000, 0x00000007c0000000, 0x00000007c0000000)
  eden space 152064K, 100% used [0x00000007aab00000,0x00000007b3f80000,0x00000007b3f80000)
  from space 96256K, 0% used [0x00000007b3f80000,0x00000007b3fb0000,0x00000007b9d80000)
  to   space 94720K, 0% used [0x00000007ba380000,0x00000007ba380000,0x00000007c0000000)
 ParOldGen       total 699392K, used 559335K [0x0000000780000000, 0x00000007aab00000, 0x00000007aab00000)
  object space 699392K, 79% used [0x0000000780000000,0x00000007a2239d98,0x00000007aab00000)
 Metaspace       used 118269K, capacity 119423K, committed 123564K, reserved 1150976K
  class space    used 19810K, capacity 20236K, committed 21420K, reserved 1048576K
Event: 20046.162 GC heap after
Heap after GC invocations=136 (full 6):
 PSYoungGen      total 260096K, used 29449K [0x00000007aab00000, 0x00000007c0000000, 0x00000007c0000000)
  eden space 165376K, 0% used [0x00000007aab00000,0x00000007aab00000,0x00000007b4c80000)
  from space 94720K, 31% used [0x00000007ba380000,0x00000007bc042410,0x00000007c0000000)
  to   space 89088K, 0% used [0x00000007b4c80000,0x00000007b4c80000,0x00000007ba380000)
 ParOldGen       total 699392K, used 559351K [0x0000000780000000, 0x00000007aab00000, 0x00000007aab00000)
  object space 699392K, 79% used [0x0000000780000000,0x00000007a223dd98,0x00000007aab00000)
 Metaspace       used 118269K, capacity 119423K, committed 123564K, reserved 1150976K
  class space    used 19810K, capacity 20236K, committed 21420K, reserved 1048576K
}
Event: 20048.247 GC heap before
{Heap before GC invocations=137 (full 6):
 PSYoungGen      total 260096K, used 194825K [0x00000007aab00000, 0x00000007c0000000, 0x00000007c0000000)
  eden space 165376K, 100% used [0x00000007aab00000,0x00000007b4c80000,0x00000007b4c80000)
  from space 94720K, 31% used [0x00000007ba380000,0x00000007bc042410,0x00000007c0000000)
  to   space 89088K, 0% used [0x00000007b4c80000,0x00000007b4c80000,0x00000007ba380000)
 ParOldGen       total 699392K, used 559351K [0x0000000780000000, 0x00000007aab00000, 0x00000007aab00000)
  object space 699392K, 79% used [0x0000000780000000,0x00000007a223dd98,0x00000007aab00000)
 Metaspace       used 118269K, capacity 119423K, committed 123564K, reserved 1150976K
  class space    used 19810K, capacity 20236K, committed 21420K, reserved 1048576K
Event: 20048.763 GC heap after
Heap after GC invocations=137 (full 6):
 PSYoungGen      total 254464K, used 55177K [0x00000007aab00000, 0x00000007c0000000, 0x00000007c0000000)
  eden space 165376K, 0% used [0x00000007aab00000,0x00000007aab00000,0x00000007b4c80000)
  from space 89088K, 61% used [0x00000007b4c80000,0x00000007b8262430,0x00000007ba380000)
  to   space 93184K, 0% used [0x00000007ba500000,0x00000007ba500000,0x00000007c0000000)
 ParOldGen       total 699392K, used 588563K [0x0000000780000000, 0x00000007aab00000, 0x00000007aab00000)
  object space 699392K, 84% used [0x0000000780000000,0x00000007a3ec4fa8,0x00000007aab00000)
 Metaspace       used 118269K, capacity 119423K, committed 123564K, reserved 1150976K
  class space    used 19810K, capacity 20236K, committed 21420K, reserved 1048576K
}
Event: 20049.835 GC heap before
{Heap before GC invocations=138 (full 6):
 PSYoungGen      total 254464K, used 220553K [0x00000007aab00000, 0x00000007c0000000, 0x00000007c0000000)
  eden space 165376K, 100% used [0x00000007aab00000,0x00000007b4c80000,0x00000007b4c80000)
  from space 89088K, 61% used [0x00000007b4c80000,0x00000007b8262430,0x00000007ba380000)
  to   space 93184K, 0% used [0x00000007ba500000,0x00000007ba500000,0x00000007c0000000)
 ParOldGen       total 699392K, used 588563K [0x0000000780000000, 0x00000007aab00000, 0x00000007aab00000)
  object space 699392K, 84% used [0x0000000780000000,0x00000007a3ec4fa8,0x00000007aab00000)
 Metaspace       used 118269K, capacity 119423K, committed 123564K, reserved 1150976K
  class space    used 19810K, capacity 20236K, committed 21420K, reserved 1048576K
Event: 20050.355 GC heap after
Heap after GC invocations=138 (full 6):
 PSYoungGen      total 253952K, used 49184K [0x00000007aab00000, 0x00000007c0000000, 0x00000007c0000000)
  eden space 160768K, 0% used [0x00000007aab00000,0x00000007aab00000,0x00000007b4800000)
  from space 93184K, 52% used [0x00000007ba500000,0x00000007bd508000,0x00000007c0000000)
  to   space 94208K, 0% used [0x00000007b4800000,0x00000007b4800000,0x00000007ba400000)
 ParOldGen       total 699392K, used 644596K [0x0000000780000000, 0x00000007aab00000, 0x00000007aab00000)
  object space 699392K, 92% used [0x0000000780000000,0x00000007a757d3d8,0x00000007aab00000)
 Metaspace       used 118269K, capacity 119423K, committed 123564K, reserved 1150976K
  class space    used 19810K, capacity 20236K, committed 21420K, reserved 1048576K
}
Event: 20050.355 GC heap before
{Heap before GC invocations=139 (full 7):
 PSYoungGen      total 253952K, used 49184K [0x00000007aab00000, 0x00000007c0000000, 0x00000007c0000000)
  eden space 160768K, 0% used [0x00000007aab00000,0x00000007aab00000,0x00000007b4800000)
  from space 93184K, 52% used [0x00000007ba500000,0x00000007bd508000,0x00000007c0000000)
  to   space 94208K, 0% used [0x00000007b4800000,0x00000007b4800000,0x00000007ba400000)
 ParOldGen       total 699392K, used 644596K [0x0000000780000000, 0x00000007aab00000, 0x00000007aab00000)
  object space 699392K, 92% used [0x0000000780000000,0x00000007a757d3d8,0x00000007aab00000)
 Metaspace       used 118269K, capacity 119423K, committed 123564K, reserved 1150976K
  class space    used 19810K, capacity 20236K, committed 21420K, reserved 1048576K
Event: 20057.252 GC heap after
Heap after GC invocations=139 (full 7):
 PSYoungGen      total 253952K, used 0K [0x00000007aab00000, 0x00000007c0000000, 0x00000007c0000000)
  eden space 160768K, 0% used [0x00000007aab00000,0x00000007aab00000,0x00000007b4800000)
  from space 93184K, 0% used [0x00000007ba500000,0x00000007ba500000,0x00000007c0000000)
  to   space 94208K, 0% used [0x00000007b4800000,0x00000007b4800000,0x00000007ba400000)
 ParOldGen       total 699392K, used 285806K [0x0000000780000000, 0x00000007aab00000, 0x00000007aab00000)
  object space 699392K, 40% used [0x0000000780000000,0x000000079171bbb8,0x00000007aab00000)
 Metaspace       used 118269K, capacity 119423K, committed 123564K, reserved 1150976K
  class space    used 19810K, capacity 20236K, committed 21420K, reserved 1048576K
}

Deoptimization events (10 events):
Event: 20007.666 Thread 0x00007fc41b115800 Uncommon trap: reason=speculate_class_check action=maybe_recompile pc=0x0000000107fb4d3c method=scala.collection.immutable.Stream.foldLeft(Ljava/lang/Object;Lscala/Function2;)Ljava/lang/Object; @ 1
Event: 20007.670 Thread 0x00007fc41b115800 Uncommon trap: reason=speculate_class_check action=maybe_recompile pc=0x0000000105c75758 method=scala.collection.immutable.Stream.foreach(Lscala/Function1;)V @ 1
Event: 20025.669 Thread 0x00007fc419c53800 Uncommon trap: reason=unstable_if action=reinterpret pc=0x00000001080a3508 method=net.contentobjects.jnotify.macosx.JNotifyAdapterMacOSX$WatchData.scan(Ljava/io/File;ZLnet/contentobjects/jnotify/macosx/JNotifyAdapterMacOSX$JNEvents;)V @ 765
Event: 20025.719 Thread 0x00007fc419c53800 Uncommon trap: reason=unstable_if action=reinterpret pc=0x00000001080024e8 method=net.contentobjects.jnotify.macosx.JNotifyAdapterMacOSX$WatchData.scan(Ljava/io/File;ZLnet/contentobjects/jnotify/macosx/JNotifyAdapterMacOSX$JNEvents;)V @ 708
Event: 20026.508 Thread 0x00007fc419c53800 Uncommon trap: reason=unstable_if action=reinterpret pc=0x00000001068fa2f0 method=java.util.TreeMap.getCeilingEntry(Ljava/lang/Object;)Ljava/util/TreeMap$Entry; @ 48
Event: 20030.238 Thread 0x00007fc419c53800 Uncommon trap: reason=unstable_if action=reinterpret pc=0x00000001061f8ec4 method=java.util.TreeMap.fixAfterDeletion(Ljava/util/TreeMap$Entry;)V @ 238
Event: 20057.480 Thread 0x00007fc41b433800 Uncommon trap: reason=unstable_if action=reinterpret pc=0x0000000106e81314 method=scala.runtime.Statics.longHash(J)I @ 5
Event: 20058.914 Thread 0x00007fc41b433800 Uncommon trap: reason=bimorphic action=maybe_recompile pc=0x00000001081ed2d4 method=scala.collection.immutable.HashSet$HashTrieSet.updated0(Ljava/lang/Object;II)Lscala/collection/immutable/HashSet; @ 55
Event: 20058.914 Thread 0x00007fc41b433800 Uncommon trap: reason=class_check action=maybe_recompile pc=0x0000000105f9c6b4 method=scala.collection.immutable.HashSet$.scala$collection$immutable$HashSet$$makeHashTrieSet(ILscala/collection/immutable/HashSet;ILscala/collection/immutable/HashSet;I)Lscal
Event: 20059.945 Thread 0x00007fc41b433800 Uncommon trap: reason=unstable_if action=reinterpret pc=0x0000000105adedfc method=scala.collection.immutable.HashSet$HashSet1.updated0(Ljava/lang/Object;II)Lscala/collection/immutable/HashSet; @ 5

Internal exceptions (10 events):
Event: 19774.829 Thread 0x00007fc419840000 Exception <a 'java/lang/ArrayIndexOutOfBoundsException'> (0x00000007af8f93c8) thrown at [/Users/java_re/workspace/8-2-build-macosx-x86_64/jdk8u74/6087/hotspot/src/share/vm/runtime/sharedRuntime.cpp, line 605]
Event: 19774.829 Thread 0x00007fc419840000 Exception <a 'java/lang/ArrayIndexOutOfBoundsException'> (0x00000007af8fd440) thrown at [/Users/java_re/workspace/8-2-build-macosx-x86_64/jdk8u74/6087/hotspot/src/share/vm/runtime/sharedRuntime.cpp, line 605]
Event: 19774.833 Thread 0x00007fc419840000 Exception <a 'java/lang/ArrayIndexOutOfBoundsException'> (0x00000007af9ac768) thrown at [/Users/java_re/workspace/8-2-build-macosx-x86_64/jdk8u74/6087/hotspot/src/share/vm/runtime/sharedRuntime.cpp, line 605]
Event: 19774.834 Thread 0x00007fc419840000 Exception <a 'java/lang/ArrayIndexOutOfBoundsException'> (0x00000007af9b0cb8) thrown at [/Users/java_re/workspace/8-2-build-macosx-x86_64/jdk8u74/6087/hotspot/src/share/vm/runtime/sharedRuntime.cpp, line 605]
Event: 19774.835 Thread 0x00007fc419840000 Exception <a 'java/lang/ArrayIndexOutOfBoundsException'> (0x00000007af9b5b60) thrown at [/Users/java_re/workspace/8-2-build-macosx-x86_64/jdk8u74/6087/hotspot/src/share/vm/runtime/sharedRuntime.cpp, line 605]
Event: 19774.835 Thread 0x00007fc419840000 Exception <a 'java/lang/ArrayIndexOutOfBoundsException'> (0x00000007af9ba5e8) thrown at [/Users/java_re/workspace/8-2-build-macosx-x86_64/jdk8u74/6087/hotspot/src/share/vm/runtime/sharedRuntime.cpp, line 605]
Event: 19774.836 Thread 0x00007fc419840000 Exception <a 'java/lang/ArrayIndexOutOfBoundsException'> (0x00000007af9bc150) thrown at [/Users/java_re/workspace/8-2-build-macosx-x86_64/jdk8u74/6087/hotspot/src/share/vm/runtime/sharedRuntime.cpp, line 605]
Event: 19774.836 Thread 0x00007fc419840000 Exception <a 'java/lang/ArrayIndexOutOfBoundsException'> (0x00000007af9c19a8) thrown at [/Users/java_re/workspace/8-2-build-macosx-x86_64/jdk8u74/6087/hotspot/src/share/vm/runtime/sharedRuntime.cpp, line 605]
Event: 19774.836 Thread 0x00007fc419840000 Exception <a 'java/lang/ArrayIndexOutOfBoundsException'> (0x00000007af9c5048) thrown at [/Users/java_re/workspace/8-2-build-macosx-x86_64/jdk8u74/6087/hotspot/src/share/vm/runtime/sharedRuntime.cpp, line 605]
Event: 19774.837 Thread 0x00007fc419840000 Exception <a 'java/lang/ArrayIndexOutOfBoundsException'> (0x00000007af9cb850) thrown at [/Users/java_re/workspace/8-2-build-macosx-x86_64/jdk8u74/6087/hotspot/src/share/vm/runtime/sharedRuntime.cpp, line 605]

Events (10 events):
Event: 20058.914 Thread 0x00007fc41b433800 DEOPT UNPACKING pc=0x0000000105404f69 sp=0x0000000120880ef0 mode 2
Event: 20058.943 Thread 0x00007fc41903f800 flushing nmethod 0x0000000105b763d0
Event: 20058.944 Thread 0x00007fc41903f800 flushing nmethod 0x0000000105c43d50
Event: 20059.027 Thread 0x00007fc41903f800 flushing nmethod 0x0000000105ebba50
Event: 20059.027 Thread 0x00007fc41903f800 flushing nmethod 0x0000000105eedb10
Event: 20059.027 Thread 0x00007fc41903f800 flushing nmethod 0x0000000105eef4d0
Event: 20059.945 Thread 0x00007fc41b433800 Uncommon trap: trap_request=0xffffff65 fr.pc=0x0000000105adedfc
Event: 20059.945 Thread 0x00007fc41b433800 DEOPT PACKING pc=0x0000000105adedfc sp=0x0000000120880f80
Event: 20059.945 Thread 0x00007fc41b433800 DEOPT UNPACKING pc=0x0000000105404f69 sp=0x0000000120880f28 mode 2
Event: 20059.955 Thread 0x00007fc418833800 flushing nmethod 0x00000001063ba0d0


Dynamic libraries:
0x000000000040e000 	/System/Library/Frameworks/Cocoa.framework/Versions/A/Cocoa
0x000000000040e000 	/System/Library/Frameworks/Security.framework/Versions/A/Security
0x000000000040e000 	/System/Library/Frameworks/ApplicationServices.framework/Versions/A/ApplicationServices
0x000000000040e000 	/usr/lib/libz.1.dylib
0x000000000040e000 	/usr/lib/libSystem.B.dylib
0x000000000040e000 	/usr/lib/libobjc.A.dylib
0x000000000040e000 	/System/Library/Frameworks/CoreFoundation.framework/Versions/A/CoreFoundation
0x000000000040e000 	/System/Library/Frameworks/Foundation.framework/Versions/C/Foundation
0x000000000040e000 	/System/Library/Frameworks/AppKit.framework/Versions/C/AppKit
0x000000000040e000 	/System/Library/Frameworks/CoreData.framework/Versions/A/CoreData
0x000000000040e000 	/System/Library/PrivateFrameworks/RemoteViewServices.framework/Versions/A/RemoteViewServices
0x000000000040e000 	/System/Library/PrivateFrameworks/UIFoundation.framework/Versions/A/UIFoundation
0x000000000040e000 	/System/Library/Frameworks/IOSurface.framework/Versions/A/IOSurface
0x000000000040e000 	/System/Library/Frameworks/AudioToolbox.framework/Versions/A/AudioToolbox
0x000000000040e000 	/System/Library/Frameworks/AudioUnit.framework/Versions/A/AudioUnit
0x000000000040e000 	/System/Library/PrivateFrameworks/DataDetectorsCore.framework/Versions/A/DataDetectorsCore
0x000000000040e000 	/System/Library/PrivateFrameworks/DesktopServicesPriv.framework/Versions/A/DesktopServicesPriv
0x000000000040e000 	/System/Library/Frameworks/Carbon.framework/Versions/A/Frameworks/HIToolbox.framework/Versions/A/HIToolbox
0x000000000040e000 	/System/Library/Frameworks/QuartzCore.framework/Versions/A/QuartzCore
0x000000000040e000 	/System/Library/Frameworks/Carbon.framework/Versions/A/Frameworks/SpeechRecognition.framework/Versions/A/SpeechRecognition
0x000000000040e000 	/usr/lib/libauto.dylib
0x000000000040e000 	/usr/lib/libicucore.A.dylib
0x000000000040e000 	/usr/lib/libxml2.2.dylib
0x000000000040e000 	/System/Library/PrivateFrameworks/CoreUI.framework/Versions/A/CoreUI
0x000000000040e000 	/System/Library/Frameworks/CoreAudio.framework/Versions/A/CoreAudio
0x000000000040e000 	/System/Library/Frameworks/DiskArbitration.framework/Versions/A/DiskArbitration
0x000000000040e000 	/usr/lib/liblangid.dylib
0x000000000040e000 	/System/Library/PrivateFrameworks/MultitouchSupport.framework/Versions/A/MultitouchSupport
0x000000000040e000 	/System/Library/Frameworks/IOKit.framework/Versions/A/IOKit
0x000000000040e000 	/usr/lib/libDiagnosticMessagesClient.dylib
0x000000000040e000 	/System/Library/Frameworks/CoreServices.framework/Versions/A/CoreServices
0x000000000040e000 	/System/Library/PrivateFrameworks/PerformanceAnalysis.framework/Versions/A/PerformanceAnalysis
0x000000000040e000 	/System/Library/PrivateFrameworks/GenerationalStorage.framework/Versions/A/GenerationalStorage
0x000000000040e000 	/System/Library/Frameworks/OpenGL.framework/Versions/A/OpenGL
0x000000000040e000 	/System/Library/PrivateFrameworks/Sharing.framework/Versions/A/Sharing
0x000000000040e000 	/System/Library/Frameworks/CoreGraphics.framework/Versions/A/CoreGraphics
0x000000000040e000 	/System/Library/Frameworks/CoreText.framework/Versions/A/CoreText
0x000000000040e000 	/System/Library/Frameworks/ImageIO.framework/Versions/A/ImageIO
0x000000000040e000 	/usr/lib/libextension.dylib
0x000000000040e000 	/System/Library/PrivateFrameworks/Backup.framework/Versions/A/Backup
0x000000000040e000 	/usr/lib/libarchive.2.dylib
0x000000000040e000 	/System/Library/Frameworks/CFNetwork.framework/Versions/A/CFNetwork
0x000000000040e000 	/System/Library/Frameworks/SystemConfiguration.framework/Versions/A/SystemConfiguration
0x000000000040e000 	/usr/lib/libCRFSuite.dylib
0x000000000040e000 	/usr/lib/libc++.1.dylib
0x000000000040e000 	/usr/lib/libc++abi.dylib
0x000000000040e000 	/usr/lib/system/libcache.dylib
0x000000000040e000 	/usr/lib/system/libcommonCrypto.dylib
0x000000000040e000 	/usr/lib/system/libcompiler_rt.dylib
0x000000000040e000 	/usr/lib/system/libcopyfile.dylib
0x000000000040e000 	/usr/lib/system/libcorecrypto.dylib
0x000000000040e000 	/usr/lib/system/libdispatch.dylib
0x000000000040e000 	/usr/lib/system/libdyld.dylib
0x000000000040e000 	/usr/lib/system/libkeymgr.dylib
0x000000000040e000 	/usr/lib/system/liblaunch.dylib
0x000000000040e000 	/usr/lib/system/libmacho.dylib
0x000000000040e000 	/usr/lib/system/libquarantine.dylib
0x000000000040e000 	/usr/lib/system/libremovefile.dylib
0x000000000040e000 	/usr/lib/system/libsystem_asl.dylib
0x000000000040e000 	/usr/lib/system/libsystem_blocks.dylib
0x000000000040e000 	/usr/lib/system/libsystem_c.dylib
0x000000000040e000 	/usr/lib/system/libsystem_configuration.dylib
0x000000000040e000 	/usr/lib/system/libsystem_coreservices.dylib
0x000000000040e000 	/usr/lib/system/libsystem_coretls.dylib
0x000000000040e000 	/usr/lib/system/libsystem_dnssd.dylib
0x000000000040e000 	/usr/lib/system/libsystem_info.dylib
0x000000000040e000 	/usr/lib/system/libsystem_kernel.dylib
0x000000000040e000 	/usr/lib/system/libsystem_m.dylib
0x000000000040e000 	/usr/lib/system/libsystem_malloc.dylib
0x000000000040e000 	/usr/lib/system/libsystem_network.dylib
0x000000000040e000 	/usr/lib/system/libsystem_networkextension.dylib
0x000000000040e000 	/usr/lib/system/libsystem_notify.dylib
0x000000000040e000 	/usr/lib/system/libsystem_platform.dylib
0x000000000040e000 	/usr/lib/system/libsystem_pthread.dylib
0x000000000040e000 	/usr/lib/system/libsystem_sandbox.dylib
0x000000000040e000 	/usr/lib/system/libsystem_secinit.dylib
0x000000000040e000 	/usr/lib/system/libsystem_stats.dylib
0x000000000040e000 	/usr/lib/system/libsystem_trace.dylib
0x000000000040e000 	/usr/lib/system/libunc.dylib
0x000000000040e000 	/usr/lib/system/libunwind.dylib
0x000000000040e000 	/usr/lib/system/libxpc.dylib
0x000000000040e000 	/usr/lib/libbz2.1.0.dylib
0x000000000040e000 	/usr/lib/liblzma.5.dylib
0x000000000040e000 	/usr/lib/libbsm.0.dylib
0x000000000040e000 	/usr/lib/libsqlite3.dylib
0x000000000040e000 	/usr/lib/system/libkxld.dylib
0x000000000040e000 	/usr/lib/libxar.1.dylib
0x000000000040e000 	/usr/lib/libpam.2.dylib
0x000000000040e000 	/usr/lib/libOpenScriptingUtil.dylib
0x000000000040e000 	/System/Library/Frameworks/CoreServices.framework/Versions/A/Frameworks/FSEvents.framework/Versions/A/FSEvents
0x000000000040e000 	/System/Library/Frameworks/CoreServices.framework/Versions/A/Frameworks/CarbonCore.framework/Versions/A/CarbonCore
0x000000000040e000 	/System/Library/Frameworks/CoreServices.framework/Versions/A/Frameworks/Metadata.framework/Versions/A/Metadata
0x000000000040e000 	/System/Library/Frameworks/CoreServices.framework/Versions/A/Frameworks/OSServices.framework/Versions/A/OSServices
0x000000000040e000 	/System/Library/Frameworks/CoreServices.framework/Versions/A/Frameworks/SearchKit.framework/Versions/A/SearchKit
0x000000000040e000 	/System/Library/Frameworks/CoreServices.framework/Versions/A/Frameworks/AE.framework/Versions/A/AE
0x000000000040e000 	/System/Library/Frameworks/CoreServices.framework/Versions/A/Frameworks/LaunchServices.framework/Versions/A/LaunchServices
0x000000000040e000 	/System/Library/Frameworks/CoreServices.framework/Versions/A/Frameworks/DictionaryServices.framework/Versions/A/DictionaryServices
0x000000000040e000 	/System/Library/Frameworks/NetFS.framework/Versions/A/NetFS
0x000000000040e000 	/System/Library/PrivateFrameworks/NetAuth.framework/Versions/A/NetAuth
0x000000000040e000 	/System/Library/PrivateFrameworks/login.framework/Versions/A/Frameworks/loginsupport.framework/Versions/A/loginsupport
0x000000000040e000 	/System/Library/PrivateFrameworks/TCC.framework/Versions/A/TCC
0x000000000040e000 	/usr/lib/libmecabra.dylib
0x000000000040e000 	/System/Library/Frameworks/ApplicationServices.framework/Versions/A/Frameworks/ATS.framework/Versions/A/ATS
0x000000000040e000 	/System/Library/Frameworks/ApplicationServices.framework/Versions/A/Frameworks/ColorSync.framework/Versions/A/ColorSync
0x000000000040e000 	/System/Library/Frameworks/ApplicationServices.framework/Versions/A/Frameworks/HIServices.framework/Versions/A/HIServices
0x000000000040e000 	/System/Library/Frameworks/ApplicationServices.framework/Versions/A/Frameworks/LangAnalysis.framework/Versions/A/LangAnalysis
0x000000000040e000 	/System/Library/Frameworks/ApplicationServices.framework/Versions/A/Frameworks/PrintCore.framework/Versions/A/PrintCore
0x000000000040e000 	/System/Library/Frameworks/ApplicationServices.framework/Versions/A/Frameworks/QD.framework/Versions/A/QD
0x000000000040e000 	/System/Library/Frameworks/ApplicationServices.framework/Versions/A/Frameworks/SpeechSynthesis.framework/Versions/A/SpeechSynthesis
0x000000000040e000 	/System/Library/Frameworks/Accelerate.framework/Versions/A/Accelerate
0x000000000040e000 	/System/Library/Frameworks/Accelerate.framework/Versions/A/Frameworks/vImage.framework/Versions/A/vImage
0x000000000040e000 	/System/Library/Frameworks/Accelerate.framework/Versions/A/Frameworks/vecLib.framework/Versions/A/vecLib
0x000000000040e000 	/System/Library/Frameworks/Accelerate.framework/Versions/A/Frameworks/vecLib.framework/Versions/A/libvDSP.dylib
0x000000000040e000 	/System/Library/Frameworks/Accelerate.framework/Versions/A/Frameworks/vecLib.framework/Versions/A/libvMisc.dylib
0x000000000040e000 	/System/Library/Frameworks/Accelerate.framework/Versions/A/Frameworks/vecLib.framework/Versions/A/libLAPACK.dylib
0x000000000040e000 	/System/Library/Frameworks/Accelerate.framework/Versions/A/Frameworks/vecLib.framework/Versions/A/libBLAS.dylib
0x000000000040e000 	/System/Library/Frameworks/Accelerate.framework/Versions/A/Frameworks/vecLib.framework/Versions/A/libLinearAlgebra.dylib
0x000000000040e000 	/System/Library/Frameworks/ApplicationServices.framework/Versions/A/Frameworks/ATS.framework/Versions/A/Resources/libFontParser.dylib
0x000000000040e000 	/System/Library/Frameworks/ApplicationServices.framework/Versions/A/Frameworks/ATS.framework/Versions/A/Resources/libFontRegistry.dylib
0x000000000040e000 	/System/Library/PrivateFrameworks/AppleVPA.framework/Versions/A/AppleVPA
0x000000000040e000 	/System/Library/PrivateFrameworks/AppleJPEG.framework/Versions/A/AppleJPEG
0x000000000040e000 	/System/Library/Frameworks/ImageIO.framework/Versions/A/Resources/libJPEG.dylib
0x000000000040e000 	/System/Library/Frameworks/ImageIO.framework/Versions/A/Resources/libTIFF.dylib
0x000000000040e000 	/System/Library/Frameworks/ImageIO.framework/Versions/A/Resources/libPng.dylib
0x000000000040e000 	/System/Library/Frameworks/ImageIO.framework/Versions/A/Resources/libGIF.dylib
0x000000000040e000 	/System/Library/Frameworks/ImageIO.framework/Versions/A/Resources/libJP2.dylib
0x000000000040e000 	/System/Library/Frameworks/ImageIO.framework/Versions/A/Resources/libRadiance.dylib
0x000000000040e000 	/System/Library/Frameworks/CoreVideo.framework/Versions/A/CoreVideo
0x000000000040e000 	/System/Library/Frameworks/OpenGL.framework/Versions/A/Libraries/libGLU.dylib
0x000000000040e000 	/System/Library/Frameworks/OpenGL.framework/Versions/A/Libraries/libGFXShared.dylib
0x000000000040e000 	/System/Library/Frameworks/OpenGL.framework/Versions/A/Libraries/libGL.dylib
0x000000000040e000 	/System/Library/Frameworks/OpenGL.framework/Versions/A/Libraries/libGLImage.dylib
0x000000000040e000 	/System/Library/Frameworks/OpenGL.framework/Versions/A/Libraries/libCVMSPluginSupport.dylib
0x000000000040e000 	/System/Library/Frameworks/OpenGL.framework/Versions/A/Libraries/libCoreVMClient.dylib
0x000000000040e000 	/usr/lib/libcups.2.dylib
0x000000000040e000 	/System/Library/Frameworks/Kerberos.framework/Versions/A/Kerberos
0x000000000040e000 	/System/Library/Frameworks/GSS.framework/Versions/A/GSS
0x000000000040e000 	/usr/lib/libresolv.9.dylib
0x000000000040e000 	/usr/lib/libiconv.2.dylib
0x000000000040e000 	/System/Library/PrivateFrameworks/Heimdal.framework/Versions/A/Heimdal
0x000000000040e000 	/usr/lib/libheimdal-asn1.dylib
0x000000000040e000 	/System/Library/Frameworks/OpenDirectory.framework/Versions/A/OpenDirectory
0x000000000040e000 	/System/Library/PrivateFrameworks/CommonAuth.framework/Versions/A/CommonAuth
0x000000000040e000 	/System/Library/Frameworks/OpenDirectory.framework/Versions/A/Frameworks/CFOpenDirectory.framework/Versions/A/CFOpenDirectory
0x000000000040e000 	/System/Library/Frameworks/SecurityFoundation.framework/Versions/A/SecurityFoundation
0x000000000040e000 	/System/Library/PrivateFrameworks/LanguageModeling.framework/Versions/A/LanguageModeling
0x000000000040e000 	/usr/lib/libcmph.dylib
0x000000000040e000 	/System/Library/Frameworks/ServiceManagement.framework/Versions/A/ServiceManagement
0x000000000040e000 	/usr/lib/libxslt.1.dylib
0x000000000040e000 	/System/Library/Frameworks/Carbon.framework/Versions/A/Frameworks/Ink.framework/Versions/A/Ink
0x000000000040e000 	/System/Library/Frameworks/QuartzCore.framework/Versions/A/Frameworks/CoreImage.framework/Versions/A/CoreImage
0x000000000040e000 	/System/Library/PrivateFrameworks/CrashReporterSupport.framework/Versions/A/CrashReporterSupport
0x000000000040e000 	/System/Library/Frameworks/OpenCL.framework/Versions/A/OpenCL
0x000000000040e000 	/System/Library/PrivateFrameworks/FaceCore.framework/Versions/A/FaceCore
0x000000000040e000 	/System/Library/PrivateFrameworks/Ubiquity.framework/Versions/A/Ubiquity
0x000000000040e000 	/System/Library/PrivateFrameworks/IconServices.framework/Versions/A/IconServices
0x000000000040e000 	/System/Library/PrivateFrameworks/ChunkingLibrary.framework/Versions/A/ChunkingLibrary
0x000000000040e000 	/System/Library/PrivateFrameworks/Apple80211.framework/Versions/A/Apple80211
0x000000000040e000 	/System/Library/Frameworks/CoreWLAN.framework/Versions/A/CoreWLAN
0x000000000040e000 	/System/Library/Frameworks/IOBluetooth.framework/Versions/A/IOBluetooth
0x000000000040e000 	/System/Library/PrivateFrameworks/CoreWiFi.framework/Versions/A/CoreWiFi
0x000000000040e000 	/System/Library/Frameworks/CoreBluetooth.framework/Versions/A/CoreBluetooth
0x000000000040e000 	/System/Library/PrivateFrameworks/DebugSymbols.framework/Versions/A/DebugSymbols
0x000000000040e000 	/System/Library/PrivateFrameworks/CoreSymbolication.framework/Versions/A/CoreSymbolication
0x000000000040e000 	/System/Library/PrivateFrameworks/Symbolication.framework/Versions/A/Symbolication
0x000000000040e000 	/System/Library/PrivateFrameworks/SpeechRecognitionCore.framework/Versions/A/SpeechRecognitionCore
0x0000000103e56000 	/Library/Java/JavaVirtualMachines/jdk1.8.0_74.jdk/Contents/Home/jre/lib/server/libjvm.dylib
0x000000000040e000 	/usr/lib/libstdc++.6.dylib
0x0000000104eff000 	/Library/Java/JavaVirtualMachines/jdk1.8.0_74.jdk/Contents/Home/jre/lib/libverify.dylib
0x0000000104f0d000 	/Library/Java/JavaVirtualMachines/jdk1.8.0_74.jdk/Contents/Home/jre/lib/libjava.dylib
0x0000000104f4c000 	/Library/Java/JavaVirtualMachines/jdk1.8.0_74.jdk/Contents/Home/jre/lib/libzip.dylib
0x0000000104fe4000 	/System/Library/Frameworks/JavaVM.framework/Frameworks/JavaRuntimeSupport.framework/JavaRuntimeSupport
0x0000000118611000 	/System/Library/Frameworks/JavaVM.framework/Versions/A/Frameworks/JavaNativeFoundation.framework/Versions/A/JavaNativeFoundation
0x0000000118625000 	/System/Library/Frameworks/JavaVM.framework/Versions/A/JavaVM
0x000000000040e000 	/System/Library/Frameworks/Carbon.framework/Versions/A/Carbon
0x0000000118631000 	/System/Library/PrivateFrameworks/JavaLaunching.framework/Versions/A/JavaLaunching
0x000000000040e000 	/System/Library/Frameworks/Carbon.framework/Versions/A/Frameworks/CommonPanels.framework/Versions/A/CommonPanels
0x000000000040e000 	/System/Library/Frameworks/Carbon.framework/Versions/A/Frameworks/Help.framework/Versions/A/Help
0x000000000040e000 	/System/Library/Frameworks/Carbon.framework/Versions/A/Frameworks/ImageCapture.framework/Versions/A/ImageCapture
0x000000000040e000 	/System/Library/Frameworks/Carbon.framework/Versions/A/Frameworks/OpenScripting.framework/Versions/A/OpenScripting
0x000000000040e000 	/System/Library/Frameworks/Carbon.framework/Versions/A/Frameworks/Print.framework/Versions/A/Print
0x000000000040e000 	/System/Library/Frameworks/Carbon.framework/Versions/A/Frameworks/SecurityHI.framework/Versions/A/SecurityHI
0x000000011a3bc000 	/Library/Java/JavaVirtualMachines/jdk1.8.0_74.jdk/Contents/Home/jre/lib/libnet.dylib
0x000000011a41b000 	/Library/Java/JavaVirtualMachines/jdk1.8.0_74.jdk/Contents/Home/jre/lib/libnio.dylib
0x000000011cec3000 	/Library/Java/JavaVirtualMachines/jdk1.8.0_74.jdk/Contents/Home/jre/lib/libmanagement.dylib
0x000000011ca09000 	/Users/rorypayne/code/mongol-rally-app/target/native_libraries/64bits/libjnotify.jnilib

VM Arguments:
jvm_args: -Dactivator.home=/usr/local/Cellar/typesafe-activator/1.3.7/libexec -Xms1024m -Xmx1024m -XX:MetaspaceSize=64m -XX:MaxMetaspaceSize=256m 
java_command: /usr/local/Cellar/typesafe-activator/1.3.7/libexec/activator-launch-1.3.7.jar run
java_class_path (initial): /usr/local/Cellar/typesafe-activator/1.3.7/libexec/activator-launch-1.3.7.jar
Launcher Type: SUN_STANDARD

Environment Variables:
PATH=/usr/local/bin:/usr/local/bin:/usr/bin:/bin:/usr/sbin:/sbin
SHELL=/bin/bash

Signal Handlers:
SIGSEGV: [libjvm.dylib+0x5a6855], sa_mask[0]=11111111011111110111111111111111, sa_flags=SA_ONSTACK|SA_RESTART|SA_SIGINFO
SIGBUS: [libjvm.dylib+0x5a6855], sa_mask[0]=11111111011111110111111111111111, sa_flags=SA_RESTART|SA_SIGINFO
SIGFPE: [libjvm.dylib+0x4804ec], sa_mask[0]=11111111011111110111111111111111, sa_flags=SA_RESTART|SA_SIGINFO
SIGPIPE: [libjvm.dylib+0x4804ec], sa_mask[0]=11111111011111110111111111111111, sa_flags=SA_RESTART|SA_SIGINFO
SIGXFSZ: [libjvm.dylib+0x4804ec], sa_mask[0]=11111111011111110111111111111111, sa_flags=SA_RESTART|SA_SIGINFO
SIGILL: [libjvm.dylib+0x4804ec], sa_mask[0]=11111111011111110111111111111111, sa_flags=SA_RESTART|SA_SIGINFO
SIGUSR1: SIG_DFL, sa_mask[0]=11011111011111100000000111000110, sa_flags=none
SIGUSR2: [libjvm.dylib+0x48000a], sa_mask[0]=00000000000000000000000000000000, sa_flags=SA_RESTART|SA_SIGINFO
SIGHUP: [libjvm.dylib+0x47e5e1], sa_mask[0]=11111111011111110111111111111111, sa_flags=SA_RESTART|SA_SIGINFO
SIGINT: [libjvm.dylib+0x47e5e1], sa_mask[0]=11111111011111110111111111111111, sa_flags=SA_RESTART|SA_SIGINFO
SIGTERM: [libjvm.dylib+0x47e5e1], sa_mask[0]=11111111011111110111111111111111, sa_flags=SA_RESTART|SA_SIGINFO
SIGQUIT: [libjvm.dylib+0x47e5e1], sa_mask[0]=11111111011111110111111111111111, sa_flags=SA_RESTART|SA_SIGINFO


---------------  S Y S T E M  ---------------

OS:Bsduname:Darwin 14.5.0 Darwin Kernel Version 14.5.0: Tue Sep  1 21:23:09 PDT 2015; root:xnu-2782.50.1~1/RELEASE_X86_64 x86_64
rlimit: STACK 8192k, CORE 0k, NPROC 709, NOFILE 10240, AS infinity
load average:9.77 6.33 6.82

CPU:total 2 (2 cores per cpu, 1 threads per core) family 6 model 23 stepping 10, cmov, cx8, fxsr, mmx, sse, sse2, sse3, ssse3, sse4.1, tsc

Memory: 4k page, physical 4194304k(18440k free)

/proc/meminfo:


vm_info: Java HotSpot(TM) 64-Bit Server VM (25.74-b02) for bsd-amd64 JRE (1.8.0_74-b02), built on Jan 29 2016 15:32:34 by "java_re" with gcc 4.2.1 (Based on Apple Inc. build 5658) (LLVM build 2336.11.00)

time: Sun Feb 28 20:50:57 2016
elapsed time: 20060 seconds (0d 5h 34m 20s)

